0 info it worked if it ends with ok
1 verbose cli [ '/usr/bin/nodejs',
1 verbose cli   '/usr/lib/node_modules/npm/bin/npm-cli.js',
1 verbose cli   'start' ]
2 info using npm@3.10.3
3 info using node@v6.7.0
4 verbose stack Error: Failed to parse json
4 verbose stack Unexpected token '/' at 28:2
4 verbose stack //    "zone.js": "^0.6.23"
4 verbose stack  ^
4 verbose stack     at parseError (/usr/lib/node_modules/npm/node_modules/read-package-json/read-json.js:390:11)
4 verbose stack     at parseJson (/usr/lib/node_modules/npm/node_modules/read-package-json/read-json.js:79:23)
4 verbose stack     at /usr/lib/node_modules/npm/node_modules/read-package-json/read-json.js:48:5
4 verbose stack     at /usr/lib/node_modules/npm/node_modules/graceful-fs/graceful-fs.js:78:16
4 verbose stack     at tryToString (fs.js:455:3)
4 verbose stack     at FSReqWrap.readFileAfterClose [as oncomplete] (fs.js:442:12)
5 verbose cwd /home/sergey/work/RecordManager2/cz.mzk.recordmanager.webapp.gui/gui
6 error Linux 4.4.0-47-generic
7 error argv "/usr/bin/nodejs" "/usr/lib/node_modules/npm/bin/npm-cli.js" "start"
8 error node v6.7.0
9 error npm  v3.10.3
10 error file /home/sergey/work/RecordManager2/cz.mzk.recordmanager.webapp.gui/gui/package.json
11 error code EJSONPARSE
12 error Failed to parse json
12 error Unexpected token '/' at 28:2
12 error //    "zone.js": "^0.6.23"
12 error  ^
13 error File: /home/sergey/work/RecordManager2/cz.mzk.recordmanager.webapp.gui/gui/package.json
14 error Failed to parse package.json data.
14 error package.json must be actual JSON, not just JavaScript.
14 error
14 error This is not a bug in npm.
14 error Tell the package author to fix their package.json file. JSON.parse
15 verbose exit [ 1, true ]
